 
             +---------------------------------------------------+
             |                                                   |
             |                    WANNIER                        |
             |                                                   |
             +---------------------------------------------------+
             |                                                   |
             |        Welcome to the Maximally-Localized         |
             |        Generalized Wannier Functions code         |
             |            http://www.wannier.org                 |
             |                                                   |
             |  Authors:                                         |
             |           Arash Mostofi   (MIT)                   |
             |           Jonathan Yates  (LBNL and UC Berkeley)  |
             |                                                   |
             |  Based on the codes written by                    |
             |   Nicola Marzari, Ivo Souza and David Vanderbilt  |
             |  and the methods detailed in                      |
             |                                                   |
             |  "Maximally Localised Generalised Wannier         |
             |   Functions for Composite Energy Bands"           |
             |  N. Marzari and D. Vanderbilt PRB 56 12847 (1997) |
             |                                                   |
             |  "Maximally Localised Wannier                     |
             |   Functions for Entangled Energy Bands"           |
             |  I. Souza, N. Marzari and D. Vanderbilt           |
             |  PRB 65 035109 (2001)                             |
             |                                                   |
             | Copyright (c) 1997-2006 J. Yates, A. Mostofi,     |
             |          N. Marzari, I. Souza, D. Vanderbilt      |
             |                                                   |
             |       Release: 1.91  18th November 2005           |
             |                                                   |
             | This program is free software; you can            |
             | redistribute it and/or modify it under the terms  |
             | of the GNU General Public License as published by |
             | the Free Software Foundation; either version 2 of |
             | the License, or (at your option) any later version|
             |                                                   |
             | This program is distributed in the hope that it   |
             | will be useful, but WITHOUT ANY WARRANTY; without |
             | even the implied warranty of MERCHANTABILITY or   |
             | FITNESS FOR A PARTICULAR PURPOSE. See the GNU     |
             | General Public License for more details.          |
             |                                                   |
             | You should have received a copy of the GNU General|
             | Public License along with this program; if not,   |
             | write to the Free Software Foundation, Inc.,      |
             | 675 Mass Ave, Cambridge, MA 02139, USA.           |
             |                                                   |
             +---------------------------------------------------+
             |    Execution started on 31Mar2006 at 23:19: 7     |
             +---------------------------------------------------+
 
                                    ------
                                    SYSTEM
                                    ------
 
                              Lattice Vectors (Ang)
                    a_1     1.745491   1.745491   1.745491
                    a_2    -1.745491   1.745491   1.745491
                    a_3    -1.745491  -1.745491   1.745491
 
                   Unit Cell Volume:      21.27222  (Ang^3)
 
                        Reciprocal-Space Vectors (Ang^-1)
                    b_1     1.799833   0.000000   1.799833
                    b_2    -1.799833   1.799833   0.000000
                    b_3     0.000000  -1.799833   1.799833
  
 *----------------------------------------------------------------------------*
 |   Site       Fractional Coordinate               Cartesian Coordinate      |
 +----------------------------------------------------------------------------+
 | Li   1   0.00000   0.00000   0.00000   |    0.00000   0.00000   0.00000    |
 *----------------------------------------------------------------------------*
  
                                ------------
                                K-POINT GRID
                                ------------
  
             Grid size =  4 x  4 x  4      Total points =   64
  
  
 *---------------------------------- MAIN ------------------------------------*
 |  Output verbosity (1=low, 5=high)          :                 1             |
 |  Length Unit                               :          ang                  |
 *----------------------------------------------------------------------------*
  
 *------------------------------- WANNIERISE ---------------------------------*
 |  Total number of iterations                :               100             |
 |  Number of CG steps before reset           :                 5             |
 |  Convergence tolerence                     :         0.000E+00             |
 |  Convergence window                        :                 3             |
 |  Iterations between writing output         :                 1             |
 |  Iterations between backing up to disk     :               100             |
 *----------------------------------------------------------------------------*
 *------------------------------- DISENTANGLE --------------------------------*
 |  Using band disentanglement                :                 T             |
 |  Total number of iterations                :                50             |
 |  Mixing ratio                              :             0.500             |
 |  Convergence tolerence                     :         0.000E+00             |
 |  Convergence window                        :                 3             |
 *----------------------------------------------------------------------------*
 Time to read parameters        0.000 (sec)

 *---------------------------------- K-MESH ----------------------------------*
 +----------------------------------------------------------------------------+
 |                    Distance to Nearest-Neighbour Shells                    |
 |                    ------------------------------------                    |
 |          Shell             Distance (Ang^-1)          Multiplicity         |
 |          -----             -----------------          ------------         |
 |             1                   0.636337                     12            |
 |             2                   0.899917                      6            |
 |             3                   1.102168                     24            |
 |             4                   1.272674                     12            |
 |             5                   1.422893                     24            |
 |             6                   1.558701                      8            |
 |             7                   1.683590                     48            |
 |             8                   1.799833                      6            |
 |             9                   1.909011                     36            |
 |            10                   2.012275                     24            |
 |            11                   2.110492                     24            |
 |            12                   2.204337                     24            |
 +----------------------------------------------------------------------------+
 | The b-vectors are chosen automatically                                     |
 | The following shells are used:   1                                         |
 +----------------------------------------------------------------------------+
 |                        Shell   # Nearest-Neighbours                        |
 |                        -----   --------------------                        |
 |                          1              12                                 |
 +----------------------------------------------------------------------------+
 | Completeness relation is fully satisfied [Eq. (B1), PRB 56, 12847 (1997)]  |
 +----------------------------------------------------------------------------+
 |                           b_k Vectors and Weights                          |
 |                           -----------------------                          |
 |            No.         b_k(x)      b_k(y)      b_k(z)        w_b           |
 |            ---        --------------------------------     --------        |
 |             1        -0.449958    0.449958    0.000000     0.617398        |
 |             2         0.449958    0.000000    0.449958     0.617398        |
 |             3         0.000000    0.449958    0.449958     0.617398        |
 |             4         0.000000   -0.449958    0.449958     0.617398        |
 |             5        -0.449958    0.000000    0.449958     0.617398        |
 |             6         0.000000    0.449958   -0.449958     0.617398        |
 |             7         0.449958    0.449958    0.000000     0.617398        |
 |             8         0.449958   -0.449958    0.000000     0.617398        |
 |             9         0.449958    0.000000   -0.449958     0.617398        |
 |            10        -0.449958    0.000000   -0.449958     0.617398        |
 |            11        -0.449958   -0.449958    0.000000     0.617398        |
 |            12         0.000000   -0.449958   -0.449958     0.617398        |
 +----------------------------------------------------------------------------+
 |                                b_k Directions                              |
 |                                --------------                              |
 |            No.           x           y           z                         |
 |            ---        --------------------------------                     |
 |             1        -0.449958    0.449958    0.000000                     |
 |             2         0.449958    0.000000    0.449958                     |
 |             3         0.000000    0.449958    0.449958                     |
 |             4         0.000000   -0.449958    0.449958                     |
 |             5        -0.449958    0.000000    0.449958                     |
 |             6         0.449958    0.449958    0.000000                     |
 +----------------------------------------------------------------------------+
  
 Starting a new Wannier90 calculation ...

 Time to get kmesh              0.090 (sec)

 Reading overlaps from wannier.mmn    : Created on 25Feb2006 at 11:03:51

 Reading projections from wannier.amn : Created on 25Feb2006 at 11:03:51

 Time to read overlaps          0.180 (sec)

 *------------------------------- DISENTANGLE --------------------------------*
 +----------------------------------------------------------------------------+
 |                              Energy  Windows                               |
 |                              ---------------                               |
 |                   Outer:   -8.00000  to   14.30000  (eV)                   |
 |                   Inner:   -8.00000  to    6.70000  (eV)                   |
 +----------------------------------------------------------------------------+
   Number of target bands to extract:    4

                   Unitarised projection of Wannier functions                  
                   ------------------------------------------                  
   A_mn = <psi_m|g_n> --> S = A.A^+ --> U = S^-1/2.A
   In dis_project... done
   Using an inner window (linner = T)
   In dis_proj_froz... done

                   Extraction of optimally-connected subspace                  
                   ------------------------------------------                  
 +---------------------------------------------------------------------+<-- DIS
 |Iteration     Omega_I(i-1)     Omega_I(i)     Delta (%)     Time     |<-- DIS
 +---------------------------------------------------------------------+<-- DIS
          1      5.39211783      5.20062521      3.68211      0.29      <-- DIS
          2      5.27463096      5.19612784      1.51080      0.30      <-- DIS
          3      5.23672416      5.19535434      0.79628      0.31      <-- DIS
          4      5.21662346      5.19516278      0.41309      0.32      <-- DIS
          5      5.20615894      5.19510408      0.21279      0.33      <-- DIS
          6      5.20075434      5.19508289      0.10917      0.34      <-- DIS
          7      5.19797587      5.19507424      0.05585      0.35      <-- DIS
          8      5.19655187      5.19507038      0.02852      0.36      <-- DIS
          9      5.19582372      5.19506855      0.01454      0.37      <-- DIS
         10      5.19545206      5.19506764      0.00740      0.38      <-- DIS
         11      5.19526264      5.19506717      0.00376      0.39      <-- DIS
         12      5.19516622      5.19506693      0.00191      0.41      <-- DIS
         13      5.19511720      5.19506680      0.00097      0.42      <-- DIS
         14      5.19509229      5.19506673      0.00049      0.43      <-- DIS
         15      5.19507965      5.19506670      0.00025      0.44      <-- DIS
         16      5.19507324      5.19506668      0.00013      0.45      <-- DIS
         17      5.19506999      5.19506667      0.00006      0.46      <-- DIS
         18      5.19506834      5.19506666      0.00003      0.47      <-- DIS
         19      5.19506751      5.19506666      0.00002      0.48      <-- DIS
         20      5.19506709      5.19506666      0.00001      0.49      <-- DIS
         21      5.19506687      5.19506665      0.00000      0.50      <-- DIS
         22      5.19506676      5.19506665      0.00000      0.51      <-- DIS
         23      5.19506671      5.19506665      0.00000      0.52      <-- DIS
         24      5.19506668      5.19506665      0.00000      0.54      <-- DIS
         25      5.19506667      5.19506665      0.00000      0.55      <-- DIS
         26      5.19506666      5.19506665      0.00000      0.56      <-- DIS
         27      5.19506666      5.19506665      0.00000      0.57      <-- DIS
         28      5.19506666      5.19506665      0.00000      0.58      <-- DIS
         29      5.19506665      5.19506665      0.00000      0.59      <-- DIS
         30      5.19506665      5.19506665      0.00000      0.60      <-- DIS
         31      5.19506665      5.19506665      0.00000      0.61      <-- DIS
         32      5.19506665      5.19506665      0.00000      0.62      <-- DIS
         33      5.19506665      5.19506665      0.00000      0.63      <-- DIS
         34      5.19506665      5.19506665      0.00000      0.64      <-- DIS
         35      5.19506665      5.19506665      0.00000      0.65      <-- DIS
         36      5.19506665      5.19506665      0.00000      0.66      <-- DIS
         37      5.19506665      5.19506665      0.00000      0.68      <-- DIS
         38      5.19506665      5.19506665      0.00000      0.69      <-- DIS
         39      5.19506665      5.19506665      0.00000      0.70      <-- DIS
         40      5.19506665      5.19506665      0.00000      0.71      <-- DIS
         41      5.19506665      5.19506665      0.00000      0.72      <-- DIS
         42      5.19506665      5.19506665      0.00000      0.73      <-- DIS
         43      5.19506665      5.19506665      0.00000      0.74      <-- DIS
         44      5.19506665      5.19506665      0.00000      0.75      <-- DIS
         45      5.19506665      5.19506665      0.00000      0.76      <-- DIS
         46      5.19506665      5.19506665      0.00000      0.77      <-- DIS
         47      5.19506665      5.19506665      0.00000      0.78      <-- DIS
         48      5.19506665      5.19506665      0.00000      0.79      <-- DIS
         49      5.19506665      5.19506665      0.00000      0.80      <-- DIS
         50      5.19506665      5.19506665      0.00000      0.81      <-- DIS

        Final Omega_I (Ang^2)    5.19506665
 +----------------------------------------------------------------------------+

 Time to disentangle bands      0.570 (sec)

 Writing checkpoint file wannier.chk... done

 
 *------------------------------- WANNIERISE ---------------------------------*
 +--------------------------------------------------------------------+<-- CONV
 | Iter  Delta Spread     RMS Gradient          Spread          Time  |<-- CONV
 +--------------------------------------------------------------------+<-- CONV
 
 ------------------------------------------------------------------------------
 Initial State
  WF centre and spread    1  (  0.424478,  0.424541,  0.424478 )     1.84010706
  WF centre and spread    2  (  0.424478, -0.424479, -0.424540 )     1.84010685
  WF centre and spread    3  ( -0.424940,  0.424940, -0.424941 )     1.84804962
  WF centre and spread    4  ( -0.424540, -0.424478,  0.424479 )     1.84010810
  Sum of centres and spreads ( -0.000524,  0.000525, -0.000524 )     7.36837163
 
      0     0.737E+01     0.0000000000        7.3683716292       0.96  <-- CONV
        O_D=      0.1254246 O_OD=      2.0478804 O_TOT=      7.3683716 <-- SPRD
 ------------------------------------------------------------------------------
 Cycle:      1
  WF centre and spread    1  (  0.425168,  0.425186,  0.425168 )     1.81948906
  WF centre and spread    2  (  0.425169, -0.425169, -0.425186 )     1.81948881
  WF centre and spread    3  ( -0.425470,  0.425470, -0.425470 )     1.82429139
  WF centre and spread    4  ( -0.425186, -0.425168,  0.425169 )     1.81948967
  Sum of centres and spreads ( -0.000319,  0.000319, -0.000319 )     7.28275894
 
      1    -0.856E-01     0.2342254283        7.2827589408       1.01  <-- CONV
        O_D=      0.0489179 O_OD=      2.0387744 O_TOT=      7.2827589 <-- SPRD
 Delta: O_D= -0.7650664E-01 O_OD= -0.9106052E-02 O_TOT= -0.8561269E-01 <-- DLTA
 ------------------------------------------------------------------------------
 Cycle:      2
  WF centre and spread    1  (  0.426434,  0.426422,  0.426433 )     1.81669273
  WF centre and spread    2  (  0.426434, -0.426434, -0.426421 )     1.81669254
  WF centre and spread    3  ( -0.426675,  0.426675, -0.426675 )     1.81935610
  WF centre and spread    4  ( -0.426421, -0.426433,  0.426434 )     1.81669330
  Sum of centres and spreads ( -0.000229,  0.000229, -0.000229 )     7.26943467
 
      2    -0.133E-01     0.0967280738        7.2694346659       1.06  <-- CONV
        O_D=      0.0421984 O_OD=      2.0321696 O_TOT=      7.2694347 <-- SPRD
 Delta: O_D= -0.6719536E-02 O_OD= -0.6604739E-02 O_TOT= -0.1332427E-01 <-- DLTA
 ------------------------------------------------------------------------------
 Cycle:      3
  WF centre and spread    1  (  0.428589,  0.428521,  0.428588 )     1.81604056
  WF centre and spread    2  (  0.428589, -0.428589, -0.428521 )     1.81604040
  WF centre and spread    3  ( -0.428703,  0.428703, -0.428703 )     1.81583103
  WF centre and spread    4  ( -0.428521, -0.428589,  0.428589 )     1.81604097
  Sum of centres and spreads ( -0.000046,  0.000046, -0.000046 )     7.26395295
 
      3    -0.548E-02     0.0423408700        7.2639529535       1.10  <-- CONV
        O_D=      0.0450669 O_OD=      2.0238194 O_TOT=      7.2639530 <-- SPRD
 Delta: O_D=  0.2868543E-02 O_OD= -0.8350256E-02 O_TOT= -0.5481712E-02 <-- DLTA
 ------------------------------------------------------------------------------
 Cycle:      4
  WF centre and spread    1  (  0.430084,  0.429999,  0.430083 )     1.81577097
  WF centre and spread    2  (  0.430084, -0.430084, -0.429998 )     1.81577082
  WF centre and spread    3  ( -0.430108,  0.430108, -0.430108 )     1.81415926
  WF centre and spread    4  ( -0.429998, -0.430084,  0.430084 )     1.81577126
  Sum of centres and spreads (  0.000061, -0.000061,  0.000061 )     7.26147231
 
      4    -0.248E-02     0.0346579947        7.2614723107       1.15  <-- CONV
        O_D=      0.0463922 O_OD=      2.0200135 O_TOT=      7.2614723 <-- SPRD
 Delta: O_D=  0.1325245E-02 O_OD= -0.3805888E-02 O_TOT= -0.2480643E-02 <-- DLTA
 ------------------------------------------------------------------------------
 Cycle:      5
  WF centre and spread    1  (  0.430288,  0.430223,  0.430287 )     1.81558798
  WF centre and spread    2  (  0.430288, -0.430288, -0.430222 )     1.81558783
  WF centre and spread    3  ( -0.430298,  0.430298, -0.430298 )     1.81432801
  WF centre and spread    4  ( -0.430222, -0.430288,  0.430288 )     1.81558828
  Sum of centres and spreads (  0.000056, -0.000056,  0.000056 )     7.26109209
 
      5    -0.380E-03     0.0153578340        7.2610920912       1.20  <-- CONV
        O_D=      0.0465843 O_OD=      2.0194411 O_TOT=      7.2610921 <-- SPRD
 Delta: O_D=  0.1921530E-03 O_OD= -0.5723725E-03 O_TOT= -0.3802195E-03 <-- DLTA
 ------------------------------------------------------------------------------
 Cycle:      6
  WF centre and spread    1  (  0.430277,  0.430226,  0.430277 )     1.81547589
  WF centre and spread    2  (  0.430277, -0.430278, -0.430225 )     1.81547574
  WF centre and spread    3  ( -0.430288,  0.430288, -0.430288 )     1.81464986
  WF centre and spread    4  ( -0.430225, -0.430277,  0.430278 )     1.81547620
  Sum of centres and spreads (  0.000041, -0.000041,  0.000041 )     7.26107769
 
      6    -0.144E-04     0.0030967292        7.2610776914       1.25  <-- CONV
        O_D=      0.0465603 O_OD=      2.0194508 O_TOT=      7.2610777 <-- SPRD
 Delta: O_D= -0.2406100E-04 O_OD=  0.9661189E-05 O_TOT= -0.1439981E-04 <-- DLTA
 ------------------------------------------------------------------------------
 Cycle:      7
  WF centre and spread    1  (  0.430284,  0.430242,  0.430284 )     1.81540655
  WF centre and spread    2  (  0.430284, -0.430284, -0.430242 )     1.81540640
  WF centre and spread    3  ( -0.430297,  0.430297, -0.430297 )     1.81485488
  WF centre and spread    4  ( -0.430242, -0.430284,  0.430285 )     1.81540688
  Sum of centres and spreads (  0.000029, -0.000029,  0.000029 )     7.26107470
 
      7    -0.299E-05     0.0013735056        7.2610747039       1.30  <-- CONV
        O_D=      0.0465728 O_OD=      2.0194353 O_TOT=      7.2610747 <-- SPRD
 Delta: O_D=  0.1249226E-04 O_OD= -0.1547975E-04 O_TOT= -0.2987487E-05 <-- DLTA
 ------------------------------------------------------------------------------
 Cycle:      8
  WF centre and spread    1  (  0.430290,  0.430263,  0.430290 )     1.81530614
  WF centre and spread    2  (  0.430290, -0.430291, -0.430263 )     1.81530600
  WF centre and spread    3  ( -0.430305,  0.430305, -0.430305 )     1.81515456
  WF centre and spread    4  ( -0.430263, -0.430290,  0.430291 )     1.81530648
  Sum of centres and spreads (  0.000013, -0.000012,  0.000012 )     7.26107318
 
      8    -0.152E-05     0.0008188716        7.2610731849       1.34  <-- CONV
        O_D=      0.0465823 O_OD=      2.0194242 O_TOT=      7.2610732 <-- SPRD
 Delta: O_D=  0.9583925E-05 O_OD= -0.1110293E-04 O_TOT= -0.1519001E-05 <-- DLTA
 ------------------------------------------------------------------------------
 Cycle:      9
  WF centre and spread    1  (  0.430292,  0.430271,  0.430292 )     1.81527801
  WF centre and spread    2  (  0.430292, -0.430293, -0.430270 )     1.81527787
  WF centre and spread    3  ( -0.430307,  0.430307, -0.430307 )     1.81523868
  WF centre and spread    4  ( -0.430270, -0.430292,  0.430293 )     1.81527836
  Sum of centres and spreads (  0.000007, -0.000007,  0.000007 )     7.26107292
 
      9    -0.266E-06     0.0003932330        7.2610729186       1.39  <-- CONV
        O_D=      0.0465880 O_OD=      2.0194183 O_TOT=      7.2610729 <-- SPRD
 Delta: O_D=  0.5665699E-05 O_OD= -0.5931967E-05 O_TOT= -0.2662688E-06 <-- DLTA
 ------------------------------------------------------------------------------
 Cycle:     10
  WF centre and spread    1  (  0.430296,  0.430278,  0.430295 )     1.81527079
  WF centre and spread    2  (  0.430296, -0.430296, -0.430278 )     1.81527065
  WF centre and spread    3  ( -0.430310,  0.430310, -0.430310 )     1.81526028
  WF centre and spread    4  ( -0.430278, -0.430296,  0.430297 )     1.81527114
  Sum of centres and spreads (  0.000005, -0.000004,  0.000004 )     7.26107286
 
     10    -0.619E-07     0.0001782368        7.2610728567       1.44  <-- CONV
        O_D=      0.0465948 O_OD=      2.0194114 O_TOT=      7.2610729 <-- SPRD
 Delta: O_D=  0.6811718E-05 O_OD= -0.6873596E-05 O_TOT= -0.6187868E-07 <-- DLTA
 ------------------------------------------------------------------------------
 Cycle:     11
  WF centre and spread    1  (  0.430298,  0.430284,  0.430297 )     1.81527070
  WF centre and spread    2  (  0.430298, -0.430298, -0.430283 )     1.81527057
  WF centre and spread    3  ( -0.430309,  0.430309, -0.430310 )     1.81526052
  WF centre and spread    4  ( -0.430283, -0.430298,  0.430298 )     1.81527105
  Sum of centres and spreads (  0.000003, -0.000003,  0.000003 )     7.26107284
 
     11    -0.161E-07     0.0000834903        7.2610728406       1.49  <-- CONV
        O_D=      0.0465973 O_OD=      2.0194089 O_TOT=      7.2610728 <-- SPRD
 Delta: O_D=  0.2516158E-05 O_OD= -0.2532305E-05 O_TOT= -0.1614724E-07 <-- DLTA
 ------------------------------------------------------------------------------
 Cycle:     12
  WF centre and spread    1  (  0.430299,  0.430287,  0.430298 )     1.81527146
  WF centre and spread    2  (  0.430299, -0.430299, -0.430287 )     1.81527134
  WF centre and spread    3  ( -0.430309,  0.430309, -0.430309 )     1.81525822
  WF centre and spread    4  ( -0.430287, -0.430299,  0.430300 )     1.81527181
  Sum of centres and spreads (  0.000002, -0.000002,  0.000002 )     7.26107284
 
     12    -0.464E-08     0.0000493899        7.2610728360       1.54  <-- CONV
        O_D=      0.0465995 O_OD=      2.0194066 O_TOT=      7.2610728 <-- SPRD
 Delta: O_D=  0.2213246E-05 O_OD= -0.2217890E-05 O_TOT= -0.4644103E-08 <-- DLTA
 ------------------------------------------------------------------------------
 Cycle:     13
  WF centre and spread    1  (  0.430299,  0.430289,  0.430299 )     1.81527153
  WF centre and spread    2  (  0.430299, -0.430300, -0.430288 )     1.81527141
  WF centre and spread    3  ( -0.430308,  0.430308, -0.430308 )     1.81525800
  WF centre and spread    4  ( -0.430288, -0.430299,  0.430300 )     1.81527189
  Sum of centres and spreads (  0.000002, -0.000002,  0.000002 )     7.26107283
 
     13    -0.156E-08     0.0000324216        7.2610728344       1.58  <-- CONV
        O_D=      0.0465998 O_OD=      2.0194064 O_TOT=      7.2610728 <-- SPRD
 Delta: O_D=  0.2445200E-06 O_OD= -0.2460801E-06 O_TOT= -0.1560095E-08 <-- DLTA
 ------------------------------------------------------------------------------
 Cycle:     14
  WF centre and spread    1  (  0.430300,  0.430292,  0.430299 )     1.81527152
  WF centre and spread    2  (  0.430300, -0.430300, -0.430291 )     1.81527141
  WF centre and spread    3  ( -0.430306,  0.430306, -0.430307 )     1.81525803
  WF centre and spread    4  ( -0.430291, -0.430299,  0.430300 )     1.81527188
  Sum of centres and spreads (  0.000002, -0.000002,  0.000002 )     7.26107283
 
     14    -0.102E-08     0.0000213902        7.2610728334       1.63  <-- CONV
        O_D=      0.0466004 O_OD=      2.0194058 O_TOT=      7.2610728 <-- SPRD
 Delta: O_D=  0.6115859E-06 O_OD= -0.6126088E-06 O_TOT= -0.1022874E-08 <-- DLTA
 ------------------------------------------------------------------------------
 Cycle:     15
  WF centre and spread    1  (  0.430300,  0.430294,  0.430299 )     1.81527123
  WF centre and spread    2  (  0.430300, -0.430300, -0.430293 )     1.81527111
  WF centre and spread    3  ( -0.430305,  0.430305, -0.430305 )     1.81525891
  WF centre and spread    4  ( -0.430293, -0.430300,  0.430300 )     1.81527158
  Sum of centres and spreads (  0.000001, -0.000001,  0.000001 )     7.26107283
 
     15    -0.470E-09     0.0000149487        7.2610728329       1.68  <-- CONV
        O_D=      0.0466008 O_OD=      2.0194053 O_TOT=      7.2610728 <-- SPRD
 Delta: O_D=  0.4447465E-06 O_OD= -0.4452165E-06 O_TOT= -0.4699610E-09 <-- DLTA
 ------------------------------------------------------------------------------
 Cycle:     16
  WF centre and spread    1  (  0.430300,  0.430296,  0.430299 )     1.81527041
  WF centre and spread    2  (  0.430300, -0.430300, -0.430296 )     1.81527030
  WF centre and spread    3  ( -0.430303,  0.430303, -0.430303 )     1.81526136
  WF centre and spread    4  ( -0.430296, -0.430300,  0.430301 )     1.81527076
  Sum of centres and spreads (  0.000001, -0.000001,  0.000001 )     7.26107283
 
     16    -0.204E-09     0.0000099447        7.2610728327       1.73  <-- CONV
        O_D=      0.0466012 O_OD=      2.0194050 O_TOT=      7.2610728 <-- SPRD
 Delta: O_D=  0.3693375E-06 O_OD= -0.3695410E-06 O_TOT= -0.2035376E-09 <-- DLTA
 ------------------------------------------------------------------------------
 Cycle:     17
  WF centre and spread    1  (  0.430300,  0.430299,  0.430299 )     1.81526916
  WF centre and spread    2  (  0.430300, -0.430300, -0.430299 )     1.81526905
  WF centre and spread    3  ( -0.430301,  0.430301, -0.430301 )     1.81526511
  WF centre and spread    4  ( -0.430299, -0.430300,  0.430301 )     1.81526951
  Sum of centres and spreads (  0.000000,  0.000000,  0.000000 )     7.26107283
 
     17    -0.122E-09     0.0000106625        7.2610728326       1.78  <-- CONV
        O_D=      0.0466016 O_OD=      2.0194045 O_TOT=      7.2610728 <-- SPRD
 Delta: O_D=  0.4132526E-06 O_OD= -0.4133749E-06 O_TOT= -0.1222951E-09 <-- DLTA
 ------------------------------------------------------------------------------
 Cycle:     18
  WF centre and spread    1  (  0.430300,  0.430301,  0.430299 )     1.81526820
  WF centre and spread    2  (  0.430300, -0.430300, -0.430300 )     1.81526810
  WF centre and spread    3  ( -0.430300,  0.430300, -0.430300 )     1.81526798
  WF centre and spread    4  ( -0.430300, -0.430300,  0.430301 )     1.81526856
  Sum of centres and spreads (  0.000000,  0.000000,  0.000000 )     7.26107283
 
     18    -0.484E-10     0.0000070772        7.2610728325       1.83  <-- CONV
        O_D=      0.0466016 O_OD=      2.0194046 O_TOT=      7.2610728 <-- SPRD
 Delta: O_D= -0.3261205E-07 O_OD=  0.3256370E-07 O_TOT= -0.4836043E-10 <-- DLTA
 ------------------------------------------------------------------------------
 Cycle:     19
  WF centre and spread    1  (  0.430300,  0.430300,  0.430299 )     1.81526783
  WF centre and spread    2  (  0.430300, -0.430300, -0.430300 )     1.81526773
  WF centre and spread    3  ( -0.430300,  0.430300, -0.430300 )     1.81526908
  WF centre and spread    4  ( -0.430300, -0.430299,  0.430300 )     1.81526819
  Sum of centres and spreads (  0.000000,  0.000000,  0.000000 )     7.26107283
 
     19     0.384E-09     0.0000058863        7.2610728329       1.93  <-- CONV
        O_D=      0.0466010 O_OD=      2.0194052 O_TOT=      7.2610728 <-- SPRD
 Delta: O_D= -0.6321810E-06 O_OD=  0.6325648E-06 O_TOT=  0.3836806E-09 <-- DLTA
 ------------------------------------------------------------------------------
 Cycle:     20
  WF centre and spread    1  (  0.430300,  0.430300,  0.430299 )     1.81526789
  WF centre and spread    2  (  0.430299, -0.430300, -0.430300 )     1.81526779
  WF centre and spread    3  ( -0.430300,  0.430300, -0.430300 )     1.81526891
  WF centre and spread    4  ( -0.430300, -0.430299,  0.430300 )     1.81526825
  Sum of centres and spreads (  0.000000,  0.000000,  0.000000 )     7.26107283
 
     20    -0.458E-09     0.0000202661        7.2610728324       1.97  <-- CONV
        O_D=      0.0466011 O_OD=      2.0194050 O_TOT=      7.2610728 <-- SPRD
 Delta: O_D=  0.1800330E-06 O_OD= -0.1804905E-06 O_TOT= -0.4575487E-09 <-- DLTA
 ------------------------------------------------------------------------------
 Cycle:     21
  WF centre and spread    1  (  0.430300,  0.430300,  0.430299 )     1.81526793
  WF centre and spread    2  (  0.430299, -0.430300, -0.430300 )     1.81526783
  WF centre and spread    3  ( -0.430300,  0.430300, -0.430300 )     1.81526879
  WF centre and spread    4  ( -0.430300, -0.430299,  0.430300 )     1.81526828
  Sum of centres and spreads (  0.000000,  0.000000,  0.000000 )     7.26107283
 
     21    -0.229E-10     0.0000044123        7.2610728324       2.02  <-- CONV
        O_D=      0.0466011 O_OD=      2.0194050 O_TOT=      7.2610728 <-- SPRD
 Delta: O_D= -0.4740792E-08 O_OD=  0.4717919E-08 O_TOT= -0.2287148E-10 <-- DLTA
 ------------------------------------------------------------------------------
 Cycle:     22
  WF centre and spread    1  (  0.430300,  0.430300,  0.430299 )     1.81526792
  WF centre and spread    2  (  0.430299, -0.430300, -0.430300 )     1.81526781
  WF centre and spread    3  ( -0.430300,  0.430300, -0.430300 )     1.81526883
  WF centre and spread    4  ( -0.430300, -0.430299,  0.430300 )     1.81526827
  Sum of centres and spreads (  0.000000,  0.000000,  0.000000 )     7.26107283
 
     22     0.309E-11     0.0000015378        7.2610728324       2.07  <-- CONV
        O_D=      0.0466011 O_OD=      2.0194050 O_TOT=      7.2610728 <-- SPRD
 Delta: O_D=  0.3433185E-08 O_OD= -0.3430091E-08 O_TOT=  0.3086420E-11 <-- DLTA
 ------------------------------------------------------------------------------
 Cycle:     23
  WF centre and spread    1  (  0.430300,  0.430300,  0.430299 )     1.81526796
  WF centre and spread    2  (  0.430299, -0.430300, -0.430300 )     1.81526786
  WF centre and spread    3  ( -0.430300,  0.430300, -0.430300 )     1.81526869
  WF centre and spread    4  ( -0.430300, -0.430299,  0.430300 )     1.81526832
  Sum of centres and spreads (  0.000000,  0.000000,  0.000000 )     7.26107283
 
     23    -0.653E-11     0.0000020810        7.2610728324       2.12  <-- CONV
        O_D=      0.0466011 O_OD=      2.0194050 O_TOT=      7.2610728 <-- SPRD
 Delta: O_D= -0.1176736E-07 O_OD=  0.1176083E-07 O_TOT= -0.6529000E-11 <-- DLTA
 ------------------------------------------------------------------------------
 Cycle:     24
  WF centre and spread    1  (  0.430300,  0.430300,  0.430299 )     1.81526798
  WF centre and spread    2  (  0.430299, -0.430300, -0.430300 )     1.81526788
  WF centre and spread    3  ( -0.430300,  0.430300, -0.430300 )     1.81526864
  WF centre and spread    4  ( -0.430300, -0.430299,  0.430300 )     1.81526834
  Sum of centres and spreads (  0.000000,  0.000000,  0.000000 )     7.26107283
 
     24    -0.761E-12     0.0000008505        7.2610728324       2.17  <-- CONV
        O_D=      0.0466011 O_OD=      2.0194051 O_TOT=      7.2610728 <-- SPRD
 Delta: O_D= -0.3364829E-08 O_OD=  0.3364091E-08 O_TOT= -0.7611689E-12 <-- DLTA
 ------------------------------------------------------------------------------
 Cycle:     25
  WF centre and spread    1  (  0.430300,  0.430300,  0.430299 )     1.81526798
  WF centre and spread    2  (  0.430299, -0.430300, -0.430300 )     1.81526788
  WF centre and spread    3  ( -0.430300,  0.430300, -0.430300 )     1.81526864
  WF centre and spread    4  ( -0.430300, -0.430299,  0.430300 )     1.81526833
  Sum of centres and spreads (  0.000000,  0.000000,  0.000000 )     7.26107283
 
     25     0.320E-13     0.0000006933        7.2610728324       2.21  <-- CONV
        O_D=      0.0466011 O_OD=      2.0194050 O_TOT=      7.2610728 <-- SPRD
 Delta: O_D=  0.2132968E-09 O_OD= -0.2132459E-09 O_TOT=  0.3197442E-13 <-- DLTA
 ------------------------------------------------------------------------------
 Cycle:     26
  WF centre and spread    1  (  0.430300,  0.430300,  0.430299 )     1.81526798
  WF centre and spread    2  (  0.430299, -0.430300, -0.430300 )     1.81526788
  WF centre and spread    3  ( -0.430300,  0.430300, -0.430300 )     1.81526864
  WF centre and spread    4  ( -0.430300, -0.430299,  0.430300 )     1.81526833
  Sum of centres and spreads (  0.000000,  0.000000,  0.000000 )     7.26107283
 
     26     0.258E-13     0.0000007149        7.2610728324       2.26  <-- CONV
        O_D=      0.0466011 O_OD=      2.0194050 O_TOT=      7.2610728 <-- SPRD
 Delta: O_D=  0.9096198E-10 O_OD= -0.9092549E-10 O_TOT=  0.2575717E-13 <-- DLTA
 ------------------------------------------------------------------------------
 Cycle:     27
  WF centre and spread    1  (  0.430300,  0.430300,  0.430299 )     1.81526798
  WF centre and spread    2  (  0.430299, -0.430300, -0.430300 )     1.81526787
  WF centre and spread    3  ( -0.430300,  0.430300, -0.430300 )     1.81526865
  WF centre and spread    4  ( -0.430300, -0.430299,  0.430300 )     1.81526833
  Sum of centres and spreads (  0.000000,  0.000000,  0.000000 )     7.26107283
 
     27     0.232E-12     0.0000007330        7.2610728324       2.31  <-- CONV
        O_D=      0.0466011 O_OD=      2.0194050 O_TOT=      7.2610728 <-- SPRD
 Delta: O_D=  0.5713284E-09 O_OD= -0.5710867E-09 O_TOT=  0.2318146E-12 <-- DLTA
 ------------------------------------------------------------------------------
 Cycle:     28
  WF centre and spread    1  (  0.430300,  0.430300,  0.430299 )     1.81526801
  WF centre and spread    2  (  0.430299, -0.430300, -0.430299 )     1.81526791
  WF centre and spread    3  ( -0.430300,  0.430300, -0.430300 )     1.81526855
  WF centre and spread    4  ( -0.430300, -0.430299,  0.430300 )     1.81526837
  Sum of centres and spreads (  0.000000,  0.000000,  0.000000 )     7.26107283
 
     28    -0.171E-12     0.0000008520        7.2610728324       2.36  <-- CONV
        O_D=      0.0466011 O_OD=      2.0194051 O_TOT=      7.2610728 <-- SPRD
 Delta: O_D= -0.7155980E-08 O_OD=  0.7155818E-08 O_TOT= -0.1714184E-12 <-- DLTA
 ------------------------------------------------------------------------------
 Cycle:     29
  WF centre and spread    1  (  0.430300,  0.430300,  0.430299 )     1.81526801
  WF centre and spread    2  (  0.430299, -0.430300, -0.430299 )     1.81526791
  WF centre and spread    3  ( -0.430300,  0.430300, -0.430300 )     1.81526855
  WF centre and spread    4  ( -0.430300, -0.430299,  0.430300 )     1.81526836
  Sum of centres and spreads (  0.000000,  0.000000,  0.000000 )     7.26107283
 
     29     0.491E-12     0.0000011362        7.2610728324       2.41  <-- CONV
        O_D=      0.0466011 O_OD=      2.0194051 O_TOT=      7.2610728 <-- SPRD
 Delta: O_D=  0.1278405E-08 O_OD= -0.1277902E-08 O_TOT=  0.4911627E-12 <-- DLTA
 ------------------------------------------------------------------------------
 Cycle:     30
  WF centre and spread    1  (  0.430300,  0.430300,  0.430299 )     1.81526802
  WF centre and spread    2  (  0.430299, -0.430300, -0.430299 )     1.81526792
  WF centre and spread    3  ( -0.430300,  0.430300, -0.430300 )     1.81526852
  WF centre and spread    4  ( -0.430299, -0.430299,  0.430300 )     1.81526838
  Sum of centres and spreads (  0.000000,  0.000000,  0.000000 )     7.26107283
 
     30    -0.123E-11     0.0000013647        7.2610728324       2.46  <-- CONV
        O_D=      0.0466011 O_OD=      2.0194051 O_TOT=      7.2610728 <-- SPRD
 Delta: O_D= -0.1103466E-07 O_OD=  0.1103345E-07 O_TOT= -0.1225686E-11 <-- DLTA
 ------------------------------------------------------------------------------
 Cycle:     31
  WF centre and spread    1  (  0.430300,  0.430300,  0.430299 )     1.81526802
  WF centre and spread    2  (  0.430299, -0.430300, -0.430299 )     1.81526792
  WF centre and spread    3  ( -0.430300,  0.430300, -0.430300 )     1.81526852
  WF centre and spread    4  ( -0.430299, -0.430299,  0.430300 )     1.81526838
  Sum of centres and spreads (  0.000000,  0.000000,  0.000000 )     7.26107283
 
     31     0.844E-13     0.0000007847        7.2610728324       2.50  <-- CONV
        O_D=      0.0466011 O_OD=      2.0194051 O_TOT=      7.2610728 <-- SPRD
 Delta: O_D=  0.7583235E-10 O_OD= -0.7573098E-10 O_TOT=  0.8437695E-13 <-- DLTA
 ------------------------------------------------------------------------------
 Cycle:     32
  WF centre and spread    1  (  0.430300,  0.430300,  0.430299 )     1.81526802
  WF centre and spread    2  (  0.430299, -0.430300, -0.430299 )     1.81526791
  WF centre and spread    3  ( -0.430300,  0.430300, -0.430300 )     1.81526852
  WF centre and spread    4  ( -0.430299, -0.430299,  0.430300 )     1.81526837
  Sum of centres and spreads (  0.000000,  0.000000,  0.000000 )     7.26107283
 
     32     0.457E-12     0.0000008553        7.2610728324       2.55  <-- CONV
        O_D=      0.0466011 O_OD=      2.0194051 O_TOT=      7.2610728 <-- SPRD
 Delta: O_D=  0.2751678E-09 O_OD= -0.2746980E-09 O_TOT=  0.4565237E-12 <-- DLTA
 ------------------------------------------------------------------------------
 Cycle:     33
  WF centre and spread    1  (  0.430300,  0.430300,  0.430299 )     1.81526803
  WF centre and spread    2  (  0.430299, -0.430300, -0.430299 )     1.81526793
  WF centre and spread    3  ( -0.430300,  0.430300, -0.430300 )     1.81526849
  WF centre and spread    4  ( -0.430299, -0.430299,  0.430300 )     1.81526838
  Sum of centres and spreads (  0.000000,  0.000000,  0.000000 )     7.26107283
 
     33    -0.805E-12     0.0000011384        7.2610728324       2.60  <-- CONV
        O_D=      0.0466011 O_OD=      2.0194051 O_TOT=      7.2610728 <-- SPRD
 Delta: O_D= -0.1389221E-08 O_OD=  0.1388428E-08 O_TOT= -0.8046896E-12 <-- DLTA
 ------------------------------------------------------------------------------
 Cycle:     34
  WF centre and spread    1  (  0.430300,  0.430300,  0.430299 )     1.81526803
  WF centre and spread    2  (  0.430299, -0.430300, -0.430299 )     1.81526792
  WF centre and spread    3  ( -0.430300,  0.430300, -0.430300 )     1.81526849
  WF centre and spread    4  ( -0.430299, -0.430299,  0.430300 )     1.81526838
  Sum of centres and spreads (  0.000000,  0.000000,  0.000000 )     7.26107283
 
     34     0.533E-14     0.0000006563        7.2610728324       2.65  <-- CONV
        O_D=      0.0466011 O_OD=      2.0194051 O_TOT=      7.2610728 <-- SPRD
 Delta: O_D=  0.1017765E-09 O_OD= -0.1017462E-09 O_TOT=  0.5329071E-14 <-- DLTA
 ------------------------------------------------------------------------------
 Cycle:     35
  WF centre and spread    1  (  0.430300,  0.430300,  0.430299 )     1.81526803
  WF centre and spread    2  (  0.430299, -0.430300, -0.430299 )     1.81526792
  WF centre and spread    3  ( -0.430300,  0.430300, -0.430300 )     1.81526850
  WF centre and spread    4  ( -0.430299, -0.430299,  0.430300 )     1.81526838
  Sum of centres and spreads (  0.000000,  0.000000,  0.000000 )     7.26107283
 
     35     0.715E-12     0.0000006823        7.2610728324       2.70  <-- CONV
        O_D=      0.0466011 O_OD=      2.0194051 O_TOT=      7.2610728 <-- SPRD
 Delta: O_D=  0.1810174E-08 O_OD= -0.1809455E-08 O_TOT=  0.7149836E-12 <-- DLTA
 ------------------------------------------------------------------------------
 Cycle:     36
  WF centre and spread    1  (  0.430300,  0.430300,  0.430299 )     1.81526803
  WF centre and spread    2  (  0.430299, -0.430300, -0.430299 )     1.81526793
  WF centre and spread    3  ( -0.430300,  0.430300, -0.430300 )     1.81526848
  WF centre and spread    4  ( -0.430299, -0.430299,  0.430300 )     1.81526839
  Sum of centres and spreads (  0.000000,  0.000000,  0.000000 )     7.26107283
 
     36    -0.109E-11     0.0000011548        7.2610728324       2.74  <-- CONV
        O_D=      0.0466011 O_OD=      2.0194051 O_TOT=      7.2610728 <-- SPRD
 Delta: O_D= -0.4350375E-08 O_OD=  0.4349281E-08 O_TOT= -0.1093348E-11 <-- DLTA
 ------------------------------------------------------------------------------
 Cycle:     37
  WF centre and spread    1  (  0.430300,  0.430300,  0.430299 )     1.81526803
  WF centre and spread    2  (  0.430299, -0.430300, -0.430299 )     1.81526793
  WF centre and spread    3  ( -0.430300,  0.430300, -0.430300 )     1.81526848
  WF centre and spread    4  ( -0.430299, -0.430299,  0.430300 )     1.81526839
  Sum of centres and spreads (  0.000000,  0.000000,  0.000000 )     7.26107283
 
     37    -0.711E-14     0.0000001737        7.2610728324       2.79  <-- CONV
        O_D=      0.0466011 O_OD=      2.0194051 O_TOT=      7.2610728 <-- SPRD
 Delta: O_D= -0.8088458E-10 O_OD=  0.8088463E-10 O_TOT= -0.7105427E-14 <-- DLTA
 ------------------------------------------------------------------------------
 Cycle:     38
  WF centre and spread    1  (  0.430300,  0.430300,  0.430299 )     1.81526803
  WF centre and spread    2  (  0.430299, -0.430300, -0.430299 )     1.81526793
  WF centre and spread    3  ( -0.430300,  0.430300, -0.430300 )     1.81526848
  WF centre and spread    4  ( -0.430299, -0.430299,  0.430300 )     1.81526839
  Sum of centres and spreads (  0.000000,  0.000000,  0.000000 )     7.26107283
 
     38    -0.711E-14     0.0000001736        7.2610728324       2.84  <-- CONV
        O_D=      0.0466011 O_OD=      2.0194051 O_TOT=      7.2610728 <-- SPRD
 Delta: O_D= -0.1462713E-09 O_OD=  0.1462674E-09 O_TOT= -0.7105427E-14 <-- DLTA
 ------------------------------------------------------------------------------
 Cycle:     39
  WF centre and spread    1  (  0.430300,  0.430300,  0.430299 )     1.81526803
  WF centre and spread    2  (  0.430299, -0.430300, -0.430299 )     1.81526793
  WF centre and spread    3  ( -0.430300,  0.430300, -0.430300 )     1.81526848
  WF centre and spread    4  ( -0.430299, -0.430299,  0.430300 )     1.81526839
  Sum of centres and spreads (  0.000000,  0.000000,  0.000000 )     7.26107283
 
     39    -0.178E-13     0.0000001710        7.2610728324       2.89  <-- CONV
        O_D=      0.0466011 O_OD=      2.0194051 O_TOT=      7.2610728 <-- SPRD
 Delta: O_D= -0.1145959E-09 O_OD=  0.1145954E-09 O_TOT= -0.1776357E-13 <-- DLTA
 ------------------------------------------------------------------------------
 Cycle:     40
  WF centre and spread    1  (  0.430300,  0.430300,  0.430299 )     1.81526804
  WF centre and spread    2  (  0.430299, -0.430300, -0.430299 )     1.81526793
  WF centre and spread    3  ( -0.430300,  0.430300, -0.430300 )     1.81526848
  WF centre and spread    4  ( -0.430299, -0.430299,  0.430300 )     1.81526839
  Sum of centres and spreads (  0.000000,  0.000000,  0.000000 )     7.26107283
 
     40    -0.142E-13     0.0000001684        7.2610728324       2.94  <-- CONV
        O_D=      0.0466011 O_OD=      2.0194051 O_TOT=      7.2610728 <-- SPRD
 Delta: O_D= -0.6703390E-10 O_OD=  0.6703171E-10 O_TOT= -0.1421085E-13 <-- DLTA
 ------------------------------------------------------------------------------
 Cycle:     41
  WF centre and spread    1  (  0.430300,  0.430300,  0.430299 )     1.81526804
  WF centre and spread    2  (  0.430299, -0.430300, -0.430299 )     1.81526793
  WF centre and spread    3  ( -0.430300,  0.430300, -0.430300 )     1.81526848
  WF centre and spread    4  ( -0.430299, -0.430299,  0.430300 )     1.81526839
  Sum of centres and spreads (  0.000000,  0.000000,  0.000000 )     7.26107283
 
     41    -0.977E-14     0.0000001661        7.2610728324       2.99  <-- CONV
        O_D=      0.0466011 O_OD=      2.0194051 O_TOT=      7.2610728 <-- SPRD
 Delta: O_D= -0.9949729E-10 O_OD=  0.9949730E-10 O_TOT= -0.9769963E-14 <-- DLTA
 ------------------------------------------------------------------------------
 Cycle:     42
  WF centre and spread    1  (  0.430300,  0.430300,  0.430299 )     1.81526804
  WF centre and spread    2  (  0.430299, -0.430300, -0.430299 )     1.81526793
  WF centre and spread    3  ( -0.430300,  0.430300, -0.430300 )     1.81526848
  WF centre and spread    4  ( -0.430299, -0.430299,  0.430300 )     1.81526839
  Sum of centres and spreads (  0.000000,  0.000000,  0.000000 )     7.26107283
 
     42    -0.160E-13     0.0000001628        7.2610728324       3.04  <-- CONV
        O_D=      0.0466011 O_OD=      2.0194051 O_TOT=      7.2610728 <-- SPRD
 Delta: O_D= -0.1578062E-09 O_OD=  0.1578035E-09 O_TOT= -0.1598721E-13 <-- DLTA
 ------------------------------------------------------------------------------
 Cycle:     43
  WF centre and spread    1  (  0.430300,  0.430300,  0.430299 )     1.81526804
  WF centre and spread    2  (  0.430299, -0.430300, -0.430299 )     1.81526793
  WF centre and spread    3  ( -0.430300,  0.430300, -0.430300 )     1.81526848
  WF centre and spread    4  ( -0.430299, -0.430299,  0.430300 )     1.81526839
  Sum of centres and spreads (  0.000000,  0.000000,  0.000000 )     7.26107283
 
     43    -0.142E-13     0.0000001579        7.2610728324       3.08  <-- CONV
        O_D=      0.0466011 O_OD=      2.0194051 O_TOT=      7.2610728 <-- SPRD
 Delta: O_D= -0.9634755E-10 O_OD=  0.9634205E-10 O_TOT= -0.1421085E-13 <-- DLTA
 ------------------------------------------------------------------------------
 Cycle:     44
  WF centre and spread    1  (  0.430300,  0.430300,  0.430299 )     1.81526804
  WF centre and spread    2  (  0.430299, -0.430300, -0.430299 )     1.81526793
  WF centre and spread    3  ( -0.430300,  0.430300, -0.430300 )     1.81526848
  WF centre and spread    4  ( -0.430299, -0.430299,  0.430300 )     1.81526839
  Sum of centres and spreads (  0.000000,  0.000000,  0.000000 )     7.26107283
 
     44    -0.107E-13     0.0000001552        7.2610728324       3.13  <-- CONV
        O_D=      0.0466011 O_OD=      2.0194051 O_TOT=      7.2610728 <-- SPRD
 Delta: O_D=  0.8648429E-11 O_OD= -0.8644196E-11 O_TOT= -0.1065814E-13 <-- DLTA
 ------------------------------------------------------------------------------
 Cycle:     45
  WF centre and spread    1  (  0.430300,  0.430300,  0.430299 )     1.81526804
  WF centre and spread    2  (  0.430299, -0.430300, -0.430299 )     1.81526793
  WF centre and spread    3  ( -0.430300,  0.430300, -0.430300 )     1.81526848
  WF centre and spread    4  ( -0.430299, -0.430299,  0.430300 )     1.81526839
  Sum of centres and spreads (  0.000000,  0.000000,  0.000000 )     7.26107283
 
     45    -0.160E-13     0.0000001554        7.2610728324       3.18  <-- CONV
        O_D=      0.0466011 O_OD=      2.0194051 O_TOT=      7.2610728 <-- SPRD
 Delta: O_D= -0.6738504E-10 O_OD=  0.6738210E-10 O_TOT= -0.1598721E-13 <-- DLTA
 ------------------------------------------------------------------------------
 Cycle:     46
  WF centre and spread    1  (  0.430300,  0.430300,  0.430299 )     1.81526804
  WF centre and spread    2  (  0.430299, -0.430300, -0.430299 )     1.81526793
  WF centre and spread    3  ( -0.430300,  0.430300, -0.430300 )     1.81526848
  WF centre and spread    4  ( -0.430299, -0.430299,  0.430300 )     1.81526839
  Sum of centres and spreads (  0.000000,  0.000000,  0.000000 )     7.26107283
 
     46    -0.622E-14     0.0000001536        7.2610728324       3.23  <-- CONV
        O_D=      0.0466011 O_OD=      2.0194051 O_TOT=      7.2610728 <-- SPRD
 Delta: O_D= -0.6140659E-10 O_OD=  0.6140910E-10 O_TOT= -0.6217249E-14 <-- DLTA
 ------------------------------------------------------------------------------
 Cycle:     47
  WF centre and spread    1  (  0.430300,  0.430300,  0.430299 )     1.81526804
  WF centre and spread    2  (  0.430299, -0.430300, -0.430299 )     1.81526793
  WF centre and spread    3  ( -0.430300,  0.430300, -0.430300 )     1.81526847
  WF centre and spread    4  ( -0.430299, -0.430299,  0.430300 )     1.81526839
  Sum of centres and spreads (  0.000000,  0.000000,  0.000000 )     7.26107283
 
     47    -0.888E-15     0.0000001522        7.2610728324       3.28  <-- CONV
        O_D=      0.0466011 O_OD=      2.0194051 O_TOT=      7.2610728 <-- SPRD
 Delta: O_D= -0.9448627E-10 O_OD=  0.9448309E-10 O_TOT= -0.8881784E-15 <-- DLTA
 ------------------------------------------------------------------------------
 Cycle:     48
  WF centre and spread    1  (  0.430300,  0.430300,  0.430299 )     1.81526804
  WF centre and spread    2  (  0.430299, -0.430300, -0.430299 )     1.81526793
  WF centre and spread    3  ( -0.430300,  0.430300, -0.430300 )     1.81526847
  WF centre and spread    4  ( -0.430299, -0.430299,  0.430300 )     1.81526839
  Sum of centres and spreads (  0.000000,  0.000000,  0.000000 )     7.26107283
 
     48    -0.115E-13     0.0000001500        7.2610728324       3.32  <-- CONV
        O_D=      0.0466011 O_OD=      2.0194051 O_TOT=      7.2610728 <-- SPRD
 Delta: O_D= -0.1169668E-09 O_OD=  0.1169651E-09 O_TOT= -0.1154632E-13 <-- DLTA
 ------------------------------------------------------------------------------
 Cycle:     49
  WF centre and spread    1  (  0.430300,  0.430300,  0.430299 )     1.81526804
  WF centre and spread    2  (  0.430299, -0.430300, -0.430299 )     1.81526793
  WF centre and spread    3  ( -0.430300,  0.430300, -0.430300 )     1.81526847
  WF centre and spread    4  ( -0.430299, -0.430299,  0.430300 )     1.81526839
  Sum of centres and spreads (  0.000000,  0.000000,  0.000000 )     7.26107283
 
     49    -0.151E-13     0.0000001476        7.2610728324       3.38  <-- CONV
        O_D=      0.0466011 O_OD=      2.0194051 O_TOT=      7.2610728 <-- SPRD
 Delta: O_D= -0.1524999E-09 O_OD=  0.1524962E-09 O_TOT= -0.1509903E-13 <-- DLTA
 ------------------------------------------------------------------------------
 Cycle:     50
  WF centre and spread    1  (  0.430300,  0.430300,  0.430299 )     1.81526804
  WF centre and spread    2  (  0.430299, -0.430300, -0.430299 )     1.81526793
  WF centre and spread    3  ( -0.430300,  0.430300, -0.430300 )     1.81526847
  WF centre and spread    4  ( -0.430299, -0.430299,  0.430300 )     1.81526839
  Sum of centres and spreads (  0.000000,  0.000000,  0.000000 )     7.26107283
 
     50    -0.799E-14     0.0000001445        7.2610728324       3.43  <-- CONV
        O_D=      0.0466011 O_OD=      2.0194051 O_TOT=      7.2610728 <-- SPRD
 Delta: O_D= -0.9165207E-10 O_OD=  0.9164980E-10 O_TOT= -0.7993606E-14 <-- DLTA
 ------------------------------------------------------------------------------
 Cycle:     51
  WF centre and spread    1  (  0.430300,  0.430300,  0.430299 )     1.81526804
  WF centre and spread    2  (  0.430299, -0.430300, -0.430299 )     1.81526793
  WF centre and spread    3  ( -0.430300,  0.430300, -0.430300 )     1.81526847
  WF centre and spread    4  ( -0.430299, -0.430299,  0.430300 )     1.81526839
  Sum of centres and spreads (  0.000000,  0.000000,  0.000000 )     7.26107283
 
     51    -0.178E-13     0.0000001428        7.2610728324       3.48  <-- CONV
        O_D=      0.0466011 O_OD=      2.0194051 O_TOT=      7.2610728 <-- SPRD
 Delta: O_D= -0.4545339E-10 O_OD=  0.4545120E-10 O_TOT= -0.1776357E-13 <-- DLTA
 ------------------------------------------------------------------------------
 Cycle:     52
  WF centre and spread    1  (  0.430300,  0.430300,  0.430299 )     1.81526804
  WF centre and spread    2  (  0.430299, -0.430300, -0.430299 )     1.81526793
  WF centre and spread    3  ( -0.430300,  0.430300, -0.430300 )     1.81526847
  WF centre and spread    4  ( -0.430299, -0.430299,  0.430300 )     1.81526839
  Sum of centres and spreads (  0.000000,  0.000000,  0.000000 )     7.26107283
 
     52    -0.178E-14     0.0000001421        7.2610728324       3.53  <-- CONV
        O_D=      0.0466011 O_OD=      2.0194051 O_TOT=      7.2610728 <-- SPRD
 Delta: O_D= -0.7972574E-11 O_OD=  0.7974954E-11 O_TOT= -0.1776357E-14 <-- DLTA
 ------------------------------------------------------------------------------
 Cycle:     53
  WF centre and spread    1  (  0.430300,  0.430300,  0.430299 )     1.81526804
  WF centre and spread    2  (  0.430299, -0.430300, -0.430299 )     1.81526793
  WF centre and spread    3  ( -0.430300,  0.430300, -0.430300 )     1.81526847
  WF centre and spread    4  ( -0.430299, -0.430299,  0.430300 )     1.81526839
  Sum of centres and spreads (  0.000000,  0.000000,  0.000000 )     7.26107283
 
     53    -0.799E-14     0.0000001419        7.2610728324       3.57  <-- CONV
        O_D=      0.0466011 O_OD=      2.0194051 O_TOT=      7.2610728 <-- SPRD
 Delta: O_D= -0.8213344E-10 O_OD=  0.8213208E-10 O_TOT= -0.7993606E-14 <-- DLTA
 ------------------------------------------------------------------------------
 Cycle:     54
  WF centre and spread    1  (  0.430300,  0.430300,  0.430299 )     1.81526804
  WF centre and spread    2  (  0.430299, -0.430300, -0.430299 )     1.81526793
  WF centre and spread    3  ( -0.430300,  0.430300, -0.430300 )     1.81526847
  WF centre and spread    4  ( -0.430299, -0.430299,  0.430300 )     1.81526839
  Sum of centres and spreads (  0.000000,  0.000000,  0.000000 )     7.26107283
 
     54    -0.799E-14     0.0000001407        7.2610728324       3.62  <-- CONV
        O_D=      0.0466011 O_OD=      2.0194051 O_TOT=      7.2610728 <-- SPRD
 Delta: O_D= -0.1215591E-09 O_OD=  0.1215579E-09 O_TOT= -0.7993606E-14 <-- DLTA
 ------------------------------------------------------------------------------
 Cycle:     55
  WF centre and spread    1  (  0.430300,  0.430300,  0.430299 )     1.81526804
  WF centre and spread    2  (  0.430299, -0.430300, -0.430299 )     1.81526793
  WF centre and spread    3  ( -0.430300,  0.430300, -0.430300 )     1.81526847
  WF centre and spread    4  ( -0.430299, -0.430299,  0.430300 )     1.81526839
  Sum of centres and spreads (  0.000000,  0.000000,  0.000000 )     7.26107283
 
     55    -0.195E-13     0.0000001390        7.2610728324       3.67  <-- CONV
        O_D=      0.0466011 O_OD=      2.0194051 O_TOT=      7.2610728 <-- SPRD
 Delta: O_D= -0.1684177E-09 O_OD=  0.1684151E-09 O_TOT= -0.1953993E-13 <-- DLTA
 ------------------------------------------------------------------------------
 Cycle:     56
  WF centre and spread    1  (  0.430300,  0.430300,  0.430299 )     1.81526804
  WF centre and spread    2  (  0.430299, -0.430300, -0.430299 )     1.81526793
  WF centre and spread    3  ( -0.430300,  0.430300, -0.430300 )     1.81526847
  WF centre and spread    4  ( -0.430299, -0.430299,  0.430300 )     1.81526839
  Sum of centres and spreads (  0.000000,  0.000000,  0.000000 )     7.26107283
 
     56    -0.115E-13     0.0000001367        7.2610728324       3.72  <-- CONV
        O_D=      0.0466011 O_OD=      2.0194051 O_TOT=      7.2610728 <-- SPRD
 Delta: O_D= -0.2052900E-09 O_OD=  0.2052905E-09 O_TOT= -0.1154632E-13 <-- DLTA
 ------------------------------------------------------------------------------
 Cycle:     57
  WF centre and spread    1  (  0.430300,  0.430300,  0.430299 )     1.81526804
  WF centre and spread    2  (  0.430299, -0.430300, -0.430299 )     1.81526793
  WF centre and spread    3  ( -0.430300,  0.430300, -0.430300 )     1.81526847
  WF centre and spread    4  ( -0.430299, -0.430299,  0.430300 )     1.81526839
  Sum of centres and spreads (  0.000000,  0.000000,  0.000000 )     7.26107283
 
     57    -0.346E-13     0.0000001342        7.2610728324       3.77  <-- CONV
        O_D=      0.0466011 O_OD=      2.0194051 O_TOT=      7.2610728 <-- SPRD
 Delta: O_D= -0.2970144E-09 O_OD=  0.2970064E-09 O_TOT= -0.3463896E-13 <-- DLTA
 ------------------------------------------------------------------------------
 Cycle:     58
  WF centre and spread    1  (  0.430300,  0.430300,  0.430299 )     1.81526804
  WF centre and spread    2  (  0.430299, -0.430300, -0.430299 )     1.81526793
  WF centre and spread    3  ( -0.430300,  0.430300, -0.430300 )     1.81526847
  WF centre and spread    4  ( -0.430299, -0.430299,  0.430300 )     1.81526839
  Sum of centres and spreads (  0.000000,  0.000000,  0.000000 )     7.26107283
 
     58     0.000E+00     0.0000001309        7.2610728324       3.82  <-- CONV
        O_D=      0.0466011 O_OD=      2.0194051 O_TOT=      7.2610728 <-- SPRD
 Delta: O_D= -0.5047862E-10 O_OD=  0.5048006E-10 O_TOT=  0.0000000E+00 <-- DLTA
 ------------------------------------------------------------------------------
 Cycle:     59
  WF centre and spread    1  (  0.430300,  0.430300,  0.430299 )     1.81526804
  WF centre and spread    2  (  0.430299, -0.430300, -0.430299 )     1.81526793
  WF centre and spread    3  ( -0.430300,  0.430300, -0.430300 )     1.81526846
  WF centre and spread    4  ( -0.430299, -0.430299,  0.430300 )     1.81526839
  Sum of centres and spreads (  0.000000,  0.000000,  0.000000 )     7.26107283
 
     59    -0.178E-13     0.0000001305        7.2610728324       3.86  <-- CONV
        O_D=      0.0466011 O_OD=      2.0194051 O_TOT=      7.2610728 <-- SPRD
 Delta: O_D= -0.9981876E-10 O_OD=  0.9981660E-10 O_TOT= -0.1776357E-13 <-- DLTA
 ------------------------------------------------------------------------------
 Cycle:     60
  WF centre and spread    1  (  0.430300,  0.430300,  0.430299 )     1.81526804
  WF centre and spread    2  (  0.430299, -0.430300, -0.430299 )     1.81526793
  WF centre and spread    3  ( -0.430300,  0.430300, -0.430300 )     1.81526846
  WF centre and spread    4  ( -0.430299, -0.430299,  0.430300 )     1.81526839
  Sum of centres and spreads (  0.000000,  0.000000,  0.000000 )     7.26107283
 
     60    -0.266E-14     0.0000001297        7.2610728324       3.91  <-- CONV
        O_D=      0.0466011 O_OD=      2.0194051 O_TOT=      7.2610728 <-- SPRD
 Delta: O_D= -0.2394199E-10 O_OD=  0.2394529E-10 O_TOT= -0.2664535E-14 <-- DLTA
 ------------------------------------------------------------------------------
 Cycle:     61
  WF centre and spread    1  (  0.430300,  0.430300,  0.430299 )     1.81526804
  WF centre and spread    2  (  0.430299, -0.430300, -0.430299 )     1.81526793
  WF centre and spread    3  ( -0.430300,  0.430300, -0.430300 )     1.81526846
  WF centre and spread    4  ( -0.430299, -0.430299,  0.430300 )     1.81526839
  Sum of centres and spreads (  0.000000,  0.000000,  0.000000 )     7.26107283
 
     61    -0.124E-13     0.0000001295        7.2610728324       3.96  <-- CONV
        O_D=      0.0466011 O_OD=      2.0194051 O_TOT=      7.2610728 <-- SPRD
 Delta: O_D= -0.3187011E-10 O_OD=  0.3186429E-10 O_TOT= -0.1243450E-13 <-- DLTA
 ------------------------------------------------------------------------------
 Cycle:     62
  WF centre and spread    1  (  0.430300,  0.430300,  0.430299 )     1.81526804
  WF centre and spread    2  (  0.430299, -0.430300, -0.430299 )     1.81526794
  WF centre and spread    3  ( -0.430300,  0.430300, -0.430300 )     1.81526846
  WF centre and spread    4  ( -0.430299, -0.430299,  0.430300 )     1.81526839
  Sum of centres and spreads (  0.000000,  0.000000,  0.000000 )     7.26107283
 
     62     0.178E-14     0.0000001292        7.2610728324       4.01  <-- CONV
        O_D=      0.0466011 O_OD=      2.0194051 O_TOT=      7.2610728 <-- SPRD
 Delta: O_D= -0.4405625E-09 O_OD=  0.4405578E-09 O_TOT=  0.1776357E-14 <-- DLTA
 ------------------------------------------------------------------------------
 Cycle:     63
  WF centre and spread    1  (  0.430300,  0.430300,  0.430299 )     1.81526804
  WF centre and spread    2  (  0.430299, -0.430300, -0.430299 )     1.81526794
  WF centre and spread    3  ( -0.430300,  0.430300, -0.430300 )     1.81526846
  WF centre and spread    4  ( -0.430299, -0.430299,  0.430300 )     1.81526839
  Sum of centres and spreads (  0.000000,  0.000000,  0.000000 )     7.26107283
 
     63    -0.178E-14     0.0000001258        7.2610728324       4.06  <-- CONV
        O_D=      0.0466011 O_OD=      2.0194051 O_TOT=      7.2610728 <-- SPRD
 Delta: O_D=  0.2663936E-09 O_OD= -0.2663874E-09 O_TOT= -0.1776357E-14 <-- DLTA
 ------------------------------------------------------------------------------
 Cycle:     64
  WF centre and spread    1  (  0.430300,  0.430300,  0.430299 )     1.81526804
  WF centre and spread    2  (  0.430299, -0.430300, -0.430299 )     1.81526794
  WF centre and spread    3  ( -0.430300,  0.430300, -0.430300 )     1.81526846
  WF centre and spread    4  ( -0.430299, -0.430299,  0.430300 )     1.81526839
  Sum of centres and spreads (  0.000000,  0.000000,  0.000000 )     7.26107283
 
     64    -0.107E-13     0.0000001278        7.2610728324       4.11  <-- CONV
        O_D=      0.0466011 O_OD=      2.0194051 O_TOT=      7.2610728 <-- SPRD
 Delta: O_D=  0.4625849E-10 O_OD= -0.4625544E-10 O_TOT= -0.1065814E-13 <-- DLTA
 ------------------------------------------------------------------------------
 Cycle:     65
  WF centre and spread    1  (  0.430300,  0.430300,  0.430299 )     1.81526804
  WF centre and spread    2  (  0.430299, -0.430300, -0.430299 )     1.81526794
  WF centre and spread    3  ( -0.430300,  0.430300, -0.430300 )     1.81526846
  WF centre and spread    4  ( -0.430299, -0.430299,  0.430300 )     1.81526839
  Sum of centres and spreads (  0.000000,  0.000000,  0.000000 )     7.26107283
 
     65    -0.187E-13     0.0000001281        7.2610728324       4.15  <-- CONV
        O_D=      0.0466011 O_OD=      2.0194051 O_TOT=      7.2610728 <-- SPRD
 Delta: O_D= -0.1045449E-09 O_OD=  0.1045408E-09 O_TOT= -0.1865175E-13 <-- DLTA
 ------------------------------------------------------------------------------
 Cycle:     66
  WF centre and spread    1  (  0.430300,  0.430300,  0.430299 )     1.81526804
  WF centre and spread    2  (  0.430299, -0.430300, -0.430299 )     1.81526794
  WF centre and spread    3  ( -0.430300,  0.430300, -0.430300 )     1.81526846
  WF centre and spread    4  ( -0.430299, -0.430299,  0.430300 )     1.81526839
  Sum of centres and spreads (  0.000000,  0.000000,  0.000000 )     7.26107283
 
     66     0.178E-14     0.0000001273        7.2610728324       4.20  <-- CONV
        O_D=      0.0466011 O_OD=      2.0194051 O_TOT=      7.2610728 <-- SPRD
 Delta: O_D= -0.3713655E-10 O_OD=  0.3713829E-10 O_TOT=  0.1776357E-14 <-- DLTA
 ------------------------------------------------------------------------------
 Cycle:     67
  WF centre and spread    1  (  0.430300,  0.430300,  0.430299 )     1.81526804
  WF centre and spread    2  (  0.430299, -0.430300, -0.430299 )     1.81526794
  WF centre and spread    3  ( -0.430300,  0.430300, -0.430300 )     1.81526846
  WF centre and spread    4  ( -0.430299, -0.430299,  0.430300 )     1.81526839
  Sum of centres and spreads (  0.000000,  0.000000,  0.000000 )     7.26107283
 
     67     0.533E-14     0.0000001271        7.2610728324       4.25  <-- CONV
        O_D=      0.0466011 O_OD=      2.0194051 O_TOT=      7.2610728 <-- SPRD
 Delta: O_D= -0.1449716E-09 O_OD=  0.1449685E-09 O_TOT=  0.5329071E-14 <-- DLTA
 ------------------------------------------------------------------------------
 Cycle:     68
  WF centre and spread    1  (  0.430300,  0.430300,  0.430299 )     1.81526804
  WF centre and spread    2  (  0.430299, -0.430300, -0.430299 )     1.81526794
  WF centre and spread    3  ( -0.430300,  0.430300, -0.430300 )     1.81526846
  WF centre and spread    4  ( -0.430299, -0.430299,  0.430300 )     1.81526840
  Sum of centres and spreads (  0.000000,  0.000000,  0.000000 )     7.26107283
 
     68    -0.222E-13     0.0000001260        7.2610728324       4.30  <-- CONV
        O_D=      0.0466011 O_OD=      2.0194051 O_TOT=      7.2610728 <-- SPRD
 Delta: O_D= -0.2168641E-09 O_OD=  0.2168559E-09 O_TOT= -0.2220446E-13 <-- DLTA
 ------------------------------------------------------------------------------
 Cycle:     69
  WF centre and spread    1  (  0.430300,  0.430300,  0.430299 )     1.81526804
  WF centre and spread    2  (  0.430299, -0.430300, -0.430299 )     1.81526794
  WF centre and spread    3  ( -0.430300,  0.430300, -0.430300 )     1.81526846
  WF centre and spread    4  ( -0.430299, -0.430299,  0.430300 )     1.81526840
  Sum of centres and spreads (  0.000000,  0.000000,  0.000000 )     7.26107283
 
     69     0.000E+00     0.0000001244        7.2610728324       4.35  <-- CONV
        O_D=      0.0466011 O_OD=      2.0194051 O_TOT=      7.2610728 <-- SPRD
 Delta: O_D= -0.5246702E-10 O_OD=  0.5247047E-10 O_TOT=  0.0000000E+00 <-- DLTA
 ------------------------------------------------------------------------------
 Cycle:     70
  WF centre and spread    1  (  0.430300,  0.430300,  0.430299 )     1.81526804
  WF centre and spread    2  (  0.430299, -0.430300, -0.430299 )     1.81526794
  WF centre and spread    3  ( -0.430300,  0.430300, -0.430300 )     1.81526846
  WF centre and spread    4  ( -0.430299, -0.430299,  0.430300 )     1.81526840
  Sum of centres and spreads (  0.000000,  0.000000,  0.000000 )     7.26107283
 
     70    -0.187E-13     0.0000001241        7.2610728324       4.40  <-- CONV
        O_D=      0.0466011 O_OD=      2.0194051 O_TOT=      7.2610728 <-- SPRD
 Delta: O_D= -0.5511359E-10 O_OD=  0.5511502E-10 O_TOT= -0.1865175E-13 <-- DLTA
 ------------------------------------------------------------------------------
 Cycle:     71
  WF centre and spread    1  (  0.430300,  0.430300,  0.430299 )     1.81526804
  WF centre and spread    2  (  0.430299, -0.430300, -0.430299 )     1.81526794
  WF centre and spread    3  ( -0.430300,  0.430300, -0.430300 )     1.81526846
  WF centre and spread    4  ( -0.430299, -0.430299,  0.430300 )     1.81526840
  Sum of centres and spreads (  0.000000,  0.000000,  0.000000 )     7.26107283
 
     71    -0.355E-14     0.0000001237        7.2610728324       4.44  <-- CONV
        O_D=      0.0466011 O_OD=      2.0194051 O_TOT=      7.2610728 <-- SPRD
 Delta: O_D= -0.1311062E-09 O_OD=  0.1311058E-09 O_TOT= -0.3552714E-14 <-- DLTA
 ------------------------------------------------------------------------------
 Cycle:     72
  WF centre and spread    1  (  0.430300,  0.430300,  0.430299 )     1.81526804
  WF centre and spread    2  (  0.430299, -0.430300, -0.430299 )     1.81526794
  WF centre and spread    3  ( -0.430300,  0.430300, -0.430300 )     1.81526846
  WF centre and spread    4  ( -0.430299, -0.430299,  0.430300 )     1.81526840
  Sum of centres and spreads (  0.000000,  0.000000,  0.000000 )     7.26107283
 
     72    -0.133E-13     0.0000001228        7.2610728324       4.49  <-- CONV
        O_D=      0.0466011 O_OD=      2.0194051 O_TOT=      7.2610728 <-- SPRD
 Delta: O_D= -0.1382832E-09 O_OD=  0.1382809E-09 O_TOT= -0.1332268E-13 <-- DLTA
 ------------------------------------------------------------------------------
 Cycle:     73
  WF centre and spread    1  (  0.430300,  0.430300,  0.430299 )     1.81526804
  WF centre and spread    2  (  0.430299, -0.430300, -0.430299 )     1.81526794
  WF centre and spread    3  ( -0.430300,  0.430300, -0.430300 )     1.81526846
  WF centre and spread    4  ( -0.430299, -0.430299,  0.430300 )     1.81526840
  Sum of centres and spreads (  0.000000,  0.000000,  0.000000 )     7.26107283
 
     73    -0.133E-13     0.0000001219        7.2610728324       4.54  <-- CONV
        O_D=      0.0466011 O_OD=      2.0194051 O_TOT=      7.2610728 <-- SPRD
 Delta: O_D= -0.8337560E-10 O_OD=  0.8337553E-10 O_TOT= -0.1332268E-13 <-- DLTA
 ------------------------------------------------------------------------------
 Cycle:     74
  WF centre and spread    1  (  0.430300,  0.430300,  0.430299 )     1.81526804
  WF centre and spread    2  (  0.430299, -0.430300, -0.430299 )     1.81526794
  WF centre and spread    3  ( -0.430300,  0.430300, -0.430300 )     1.81526846
  WF centre and spread    4  ( -0.430299, -0.430299,  0.430300 )     1.81526840
  Sum of centres and spreads (  0.000000,  0.000000,  0.000000 )     7.26107283
 
     74    -0.711E-14     0.0000001213        7.2610728324       4.59  <-- CONV
        O_D=      0.0466011 O_OD=      2.0194051 O_TOT=      7.2610728 <-- SPRD
 Delta: O_D= -0.1034371E-09 O_OD=  0.1034302E-09 O_TOT= -0.7105427E-14 <-- DLTA
 ------------------------------------------------------------------------------
 Cycle:     75
  WF centre and spread    1  (  0.430300,  0.430300,  0.430299 )     1.81526804
  WF centre and spread    2  (  0.430299, -0.430300, -0.430299 )     1.81526794
  WF centre and spread    3  ( -0.430300,  0.430300, -0.430300 )     1.81526845
  WF centre and spread    4  ( -0.430299, -0.430299,  0.430300 )     1.81526840
  Sum of centres and spreads (  0.000000,  0.000000,  0.000000 )     7.26107283
 
     75    -0.888E-14     0.0000001206        7.2610728324       4.64  <-- CONV
        O_D=      0.0466011 O_OD=      2.0194051 O_TOT=      7.2610728 <-- SPRD
 Delta: O_D= -0.1229223E-09 O_OD=  0.1229239E-09 O_TOT= -0.8881784E-14 <-- DLTA
 ------------------------------------------------------------------------------
 Cycle:     76
  WF centre and spread    1  (  0.430300,  0.430300,  0.430299 )     1.81526804
  WF centre and spread    2  (  0.430299, -0.430300, -0.430299 )     1.81526794
  WF centre and spread    3  ( -0.430300,  0.430300, -0.430300 )     1.81526845
  WF centre and spread    4  ( -0.430299, -0.430299,  0.430300 )     1.81526840
  Sum of centres and spreads (  0.000000,  0.000000,  0.000000 )     7.26107283
 
     76    -0.124E-13     0.0000001199        7.2610728324       4.68  <-- CONV
        O_D=      0.0466011 O_OD=      2.0194051 O_TOT=      7.2610728 <-- SPRD
 Delta: O_D= -0.2043041E-10 O_OD=  0.2042899E-10 O_TOT= -0.1243450E-13 <-- DLTA
 ------------------------------------------------------------------------------
 Cycle:     77
  WF centre and spread    1  (  0.430300,  0.430300,  0.430299 )     1.81526804
  WF centre and spread    2  (  0.430299, -0.430300, -0.430299 )     1.81526794
  WF centre and spread    3  ( -0.430300,  0.430300, -0.430300 )     1.81526845
  WF centre and spread    4  ( -0.430299, -0.430299,  0.430300 )     1.81526840
  Sum of centres and spreads (  0.000000,  0.000000,  0.000000 )     7.26107283
 
     77    -0.533E-14     0.0000001197        7.2610728324       4.73  <-- CONV
        O_D=      0.0466011 O_OD=      2.0194051 O_TOT=      7.2610728 <-- SPRD
 Delta: O_D= -0.6827443E-10 O_OD=  0.6827650E-10 O_TOT= -0.5329071E-14 <-- DLTA
 ------------------------------------------------------------------------------
 Cycle:     78
  WF centre and spread    1  (  0.430300,  0.430300,  0.430299 )     1.81526804
  WF centre and spread    2  (  0.430299, -0.430300, -0.430299 )     1.81526794
  WF centre and spread    3  ( -0.430300,  0.430300, -0.430300 )     1.81526845
  WF centre and spread    4  ( -0.430299, -0.430299,  0.430300 )     1.81526840
  Sum of centres and spreads (  0.000000,  0.000000,  0.000000 )     7.26107283
 
     78    -0.622E-14     0.0000001193        7.2610728324       4.78  <-- CONV
        O_D=      0.0466011 O_OD=      2.0194051 O_TOT=      7.2610728 <-- SPRD
 Delta: O_D= -0.1259936E-09 O_OD=  0.1259921E-09 O_TOT= -0.6217249E-14 <-- DLTA
 ------------------------------------------------------------------------------
 Cycle:     79
  WF centre and spread    1  (  0.430300,  0.430300,  0.430299 )     1.81526804
  WF centre and spread    2  (  0.430299, -0.430300, -0.430299 )     1.81526794
  WF centre and spread    3  ( -0.430300,  0.430300, -0.430300 )     1.81526845
  WF centre and spread    4  ( -0.430299, -0.430299,  0.430300 )     1.81526840
  Sum of centres and spreads (  0.000000,  0.000000,  0.000000 )     7.26107283
 
     79    -0.213E-13     0.0000001185        7.2610728324       4.83  <-- CONV
        O_D=      0.0466011 O_OD=      2.0194051 O_TOT=      7.2610728 <-- SPRD
 Delta: O_D= -0.1844806E-09 O_OD=  0.1844773E-09 O_TOT= -0.2131628E-13 <-- DLTA
 ------------------------------------------------------------------------------
 Cycle:     80
  WF centre and spread    1  (  0.430300,  0.430300,  0.430299 )     1.81526804
  WF centre and spread    2  (  0.430299, -0.430300, -0.430299 )     1.81526794
  WF centre and spread    3  ( -0.430300,  0.430300, -0.430300 )     1.81526845
  WF centre and spread    4  ( -0.430299, -0.430299,  0.430300 )     1.81526840
  Sum of centres and spreads (  0.000000,  0.000000,  0.000000 )     7.26107283
 
     80     0.888E-15     0.0000001173        7.2610728324       4.88  <-- CONV
        O_D=      0.0466011 O_OD=      2.0194051 O_TOT=      7.2610728 <-- SPRD
 Delta: O_D= -0.8806129E-10 O_OD=  0.8806156E-10 O_TOT=  0.8881784E-15 <-- DLTA
 ------------------------------------------------------------------------------
 Cycle:     81
  WF centre and spread    1  (  0.430300,  0.430300,  0.430299 )     1.81526804
  WF centre and spread    2  (  0.430299, -0.430300, -0.430299 )     1.81526794
  WF centre and spread    3  ( -0.430300,  0.430300, -0.430300 )     1.81526845
  WF centre and spread    4  ( -0.430299, -0.430299,  0.430300 )     1.81526840
  Sum of centres and spreads (  0.000000,  0.000000,  0.000000 )     7.26107283
 
     81    -0.355E-14     0.0000001168        7.2610728324       4.93  <-- CONV
        O_D=      0.0466011 O_OD=      2.0194051 O_TOT=      7.2610728 <-- SPRD
 Delta: O_D=  0.1996925E-09 O_OD= -0.1996909E-09 O_TOT= -0.3552714E-14 <-- DLTA
 ------------------------------------------------------------------------------
 Cycle:     82
  WF centre and spread    1  (  0.430300,  0.430300,  0.430299 )     1.81526804
  WF centre and spread    2  (  0.430299, -0.430300, -0.430299 )     1.81526794
  WF centre and spread    3  ( -0.430300,  0.430300, -0.430300 )     1.81526845
  WF centre and spread    4  ( -0.430299, -0.430299,  0.430300 )     1.81526840
  Sum of centres and spreads (  0.000000,  0.000000,  0.000000 )     7.26107283
 
     82    -0.258E-13     0.0000001180        7.2610728324       4.97  <-- CONV
        O_D=      0.0466011 O_OD=      2.0194051 O_TOT=      7.2610728 <-- SPRD
 Delta: O_D= -0.5213008E-10 O_OD=  0.5213296E-10 O_TOT= -0.2575717E-13 <-- DLTA
 ------------------------------------------------------------------------------
 Cycle:     83
  WF centre and spread    1  (  0.430300,  0.430300,  0.430299 )     1.81526804
  WF centre and spread    2  (  0.430299, -0.430300, -0.430299 )     1.81526794
  WF centre and spread    3  ( -0.430300,  0.430300, -0.430300 )     1.81526845
  WF centre and spread    4  ( -0.430299, -0.430299,  0.430300 )     1.81526840
  Sum of centres and spreads (  0.000000,  0.000000,  0.000000 )     7.26107283
 
     83    -0.622E-14     0.0000001177        7.2610728324       5.02  <-- CONV
        O_D=      0.0466011 O_OD=      2.0194051 O_TOT=      7.2610728 <-- SPRD
 Delta: O_D= -0.9668061E-10 O_OD=  0.9668000E-10 O_TOT= -0.6217249E-14 <-- DLTA
 ------------------------------------------------------------------------------
 Cycle:     84
  WF centre and spread    1  (  0.430300,  0.430300,  0.430299 )     1.81526804
  WF centre and spread    2  (  0.430299, -0.430300, -0.430299 )     1.81526794
  WF centre and spread    3  ( -0.430300,  0.430300, -0.430300 )     1.81526845
  WF centre and spread    4  ( -0.430299, -0.430299,  0.430300 )     1.81526840
  Sum of centres and spreads (  0.000000,  0.000000,  0.000000 )     7.26107283
 
     84    -0.533E-14     0.0000001171        7.2610728324       5.07  <-- CONV
        O_D=      0.0466011 O_OD=      2.0194051 O_TOT=      7.2610728 <-- SPRD
 Delta: O_D= -0.1095957E-09 O_OD=  0.1095928E-09 O_TOT= -0.5329071E-14 <-- DLTA
 ------------------------------------------------------------------------------
 Cycle:     85
  WF centre and spread    1  (  0.430300,  0.430300,  0.430299 )     1.81526804
  WF centre and spread    2  (  0.430299, -0.430300, -0.430299 )     1.81526794
  WF centre and spread    3  ( -0.430300,  0.430300, -0.430300 )     1.81526845
  WF centre and spread    4  ( -0.430299, -0.430299,  0.430300 )     1.81526840
  Sum of centres and spreads (  0.000000,  0.000000,  0.000000 )     7.26107283
 
     85    -0.204E-13     0.0000001164        7.2610728324       5.12  <-- CONV
        O_D=      0.0466011 O_OD=      2.0194051 O_TOT=      7.2610728 <-- SPRD
 Delta: O_D= -0.1572995E-09 O_OD=  0.1572955E-09 O_TOT= -0.2042810E-13 <-- DLTA
 ------------------------------------------------------------------------------
 Cycle:     86
  WF centre and spread    1  (  0.430300,  0.430300,  0.430299 )     1.81526805
  WF centre and spread    2  (  0.430299, -0.430300, -0.430299 )     1.81526794
  WF centre and spread    3  ( -0.430300,  0.430300, -0.430300 )     1.81526845
  WF centre and spread    4  ( -0.430299, -0.430299,  0.430300 )     1.81526840
  Sum of centres and spreads (  0.000000,  0.000000,  0.000000 )     7.26107283
 
     86    -0.115E-13     0.0000001154        7.2610728324       5.17  <-- CONV
        O_D=      0.0466011 O_OD=      2.0194051 O_TOT=      7.2610728 <-- SPRD
 Delta: O_D= -0.1795368E-09 O_OD=  0.1795364E-09 O_TOT= -0.1154632E-13 <-- DLTA
 ------------------------------------------------------------------------------
 Cycle:     87
  WF centre and spread    1  (  0.430300,  0.430300,  0.430299 )     1.81526805
  WF centre and spread    2  (  0.430299, -0.430300, -0.430299 )     1.81526794
  WF centre and spread    3  ( -0.430300,  0.430300, -0.430300 )     1.81526844
  WF centre and spread    4  ( -0.430299, -0.430299,  0.430300 )     1.81526840
  Sum of centres and spreads (  0.000000,  0.000000,  0.000000 )     7.26107283
 
     87    -0.151E-13     0.0000001143        7.2610728324       5.22  <-- CONV
        O_D=      0.0466011 O_OD=      2.0194051 O_TOT=      7.2610728 <-- SPRD
 Delta: O_D= -0.7952922E-09 O_OD=  0.7952803E-09 O_TOT= -0.1509903E-13 <-- DLTA
 ------------------------------------------------------------------------------
 Cycle:     88
  WF centre and spread    1  (  0.430300,  0.430300,  0.430299 )     1.81526805
  WF centre and spread    2  (  0.430299, -0.430300, -0.430299 )     1.81526794
  WF centre and spread    3  ( -0.430300,  0.430300, -0.430300 )     1.81526844
  WF centre and spread    4  ( -0.430299, -0.430299,  0.430300 )     1.81526840
  Sum of centres and spreads (  0.000000,  0.000000,  0.000000 )     7.26107283
 
     88    -0.195E-13     0.0000001094        7.2610728324       5.26  <-- CONV
        O_D=      0.0466011 O_OD=      2.0194051 O_TOT=      7.2610728 <-- SPRD
 Delta: O_D= -0.4099338E-10 O_OD=  0.4099077E-10 O_TOT= -0.1953993E-13 <-- DLTA
 ------------------------------------------------------------------------------
 Cycle:     89
  WF centre and spread    1  (  0.430300,  0.430300,  0.430299 )     1.81526805
  WF centre and spread    2  (  0.430299, -0.430300, -0.430299 )     1.81526794
  WF centre and spread    3  ( -0.430300,  0.430300, -0.430300 )     1.81526844
  WF centre and spread    4  ( -0.430299, -0.430299,  0.430300 )     1.81526840
  Sum of centres and spreads (  0.000000,  0.000000,  0.000000 )     7.26107283
 
     89    -0.187E-13     0.0000001091        7.2610728324       5.31  <-- CONV
        O_D=      0.0466011 O_OD=      2.0194051 O_TOT=      7.2610728 <-- SPRD
 Delta: O_D= -0.7905670E-10 O_OD=  0.7905987E-10 O_TOT= -0.1865175E-13 <-- DLTA
 ------------------------------------------------------------------------------
 Cycle:     90
  WF centre and spread    1  (  0.430300,  0.430300,  0.430299 )     1.81526805
  WF centre and spread    2  (  0.430299, -0.430300, -0.430299 )     1.81526794
  WF centre and spread    3  ( -0.430300,  0.430300, -0.430300 )     1.81526844
  WF centre and spread    4  ( -0.430299, -0.430299,  0.430300 )     1.81526840
  Sum of centres and spreads (  0.000000,  0.000000,  0.000000 )     7.26107283
 
     90    -0.711E-14     0.0000001086        7.2610728324       5.36  <-- CONV
        O_D=      0.0466011 O_OD=      2.0194051 O_TOT=      7.2610728 <-- SPRD
 Delta: O_D= -0.8493416E-10 O_OD=  0.8493206E-10 O_TOT= -0.7105427E-14 <-- DLTA
 ------------------------------------------------------------------------------
 Cycle:     91
  WF centre and spread    1  (  0.430300,  0.430300,  0.430299 )     1.81526805
  WF centre and spread    2  (  0.430299, -0.430300, -0.430299 )     1.81526794
  WF centre and spread    3  ( -0.430300,  0.430300, -0.430300 )     1.81526844
  WF centre and spread    4  ( -0.430299, -0.430299,  0.430300 )     1.81526840
  Sum of centres and spreads (  0.000000,  0.000000,  0.000000 )     7.26107283
 
     91    -0.622E-14     0.0000001081        7.2610728324       5.41  <-- CONV
        O_D=      0.0466011 O_OD=      2.0194051 O_TOT=      7.2610728 <-- SPRD
 Delta: O_D= -0.2270664E-09 O_OD=  0.2270606E-09 O_TOT= -0.6217249E-14 <-- DLTA
 ------------------------------------------------------------------------------
 Cycle:     92
  WF centre and spread    1  (  0.430300,  0.430300,  0.430299 )     1.81526805
  WF centre and spread    2  (  0.430299, -0.430300, -0.430299 )     1.81526794
  WF centre and spread    3  ( -0.430300,  0.430300, -0.430300 )     1.81526844
  WF centre and spread    4  ( -0.430299, -0.430299,  0.430300 )     1.81526840
  Sum of centres and spreads (  0.000000,  0.000000,  0.000000 )     7.26107283
 
     92    -0.711E-14     0.0000001067        7.2610728324       5.46  <-- CONV
        O_D=      0.0466011 O_OD=      2.0194051 O_TOT=      7.2610728 <-- SPRD
 Delta: O_D= -0.2768705E-09 O_OD=  0.2768674E-09 O_TOT= -0.7105427E-14 <-- DLTA
 ------------------------------------------------------------------------------
 Cycle:     93
  WF centre and spread    1  (  0.430300,  0.430300,  0.430299 )     1.81526805
  WF centre and spread    2  (  0.430299, -0.430300, -0.430299 )     1.81526794
  WF centre and spread    3  ( -0.430300,  0.430300, -0.430300 )     1.81526843
  WF centre and spread    4  ( -0.430299, -0.430299,  0.430300 )     1.81526840
  Sum of centres and spreads (  0.000000,  0.000000,  0.000000 )     7.26107283
 
     93    -0.977E-14     0.0000001050        7.2610728324       5.51  <-- CONV
        O_D=      0.0466011 O_OD=      2.0194051 O_TOT=      7.2610728 <-- SPRD
 Delta: O_D= -0.1391758E-09 O_OD=  0.1391771E-09 O_TOT= -0.9769963E-14 <-- DLTA
 ------------------------------------------------------------------------------
 Cycle:     94
  WF centre and spread    1  (  0.430300,  0.430300,  0.430299 )     1.81526805
  WF centre and spread    2  (  0.430299, -0.430300, -0.430299 )     1.81526794
  WF centre and spread    3  ( -0.430300,  0.430300, -0.430300 )     1.81526843
  WF centre and spread    4  ( -0.430299, -0.430299,  0.430300 )     1.81526840
  Sum of centres and spreads (  0.000000,  0.000000,  0.000000 )     7.26107283
 
     94    -0.533E-14     0.0000001041        7.2610728324       5.56  <-- CONV
        O_D=      0.0466011 O_OD=      2.0194051 O_TOT=      7.2610728 <-- SPRD
 Delta: O_D= -0.4250848E-10 O_OD=  0.4250822E-10 O_TOT= -0.5329071E-14 <-- DLTA
 ------------------------------------------------------------------------------
 Cycle:     95
  WF centre and spread    1  (  0.430300,  0.430300,  0.430299 )     1.81526805
  WF centre and spread    2  (  0.430299, -0.430300, -0.430299 )     1.81526795
  WF centre and spread    3  ( -0.430300,  0.430300, -0.430300 )     1.81526843
  WF centre and spread    4  ( -0.430299, -0.430299,  0.430300 )     1.81526840
  Sum of centres and spreads (  0.000000,  0.000000,  0.000000 )     7.26107283
 
     95     0.266E-14     0.0000001038        7.2610728324       5.60  <-- CONV
        O_D=      0.0466011 O_OD=      2.0194051 O_TOT=      7.2610728 <-- SPRD
 Delta: O_D= -0.9763840E-10 O_OD=  0.9763834E-10 O_TOT=  0.2664535E-14 <-- DLTA
 ------------------------------------------------------------------------------
 Cycle:     96
  WF centre and spread    1  (  0.430300,  0.430300,  0.430299 )     1.81526805
  WF centre and spread    2  (  0.430299, -0.430300, -0.430299 )     1.81526795
  WF centre and spread    3  ( -0.430300,  0.430300, -0.430300 )     1.81526843
  WF centre and spread    4  ( -0.430299, -0.430299,  0.430300 )     1.81526840
  Sum of centres and spreads (  0.000000,  0.000000,  0.000000 )     7.26107283
 
     96    -0.258E-13     0.0000001032        7.2610728324       5.65  <-- CONV
        O_D=      0.0466011 O_OD=      2.0194051 O_TOT=      7.2610728 <-- SPRD
 Delta: O_D= -0.1199905E-09 O_OD=  0.1199880E-09 O_TOT= -0.2575717E-13 <-- DLTA
 ------------------------------------------------------------------------------
 Cycle:     97
  WF centre and spread    1  (  0.430300,  0.430300,  0.430299 )     1.81526805
  WF centre and spread    2  (  0.430299, -0.430300, -0.430299 )     1.81526795
  WF centre and spread    3  ( -0.430300,  0.430300, -0.430300 )     1.81526843
  WF centre and spread    4  ( -0.430299, -0.430299,  0.430300 )     1.81526840
  Sum of centres and spreads (  0.000000,  0.000000,  0.000000 )     7.26107283
 
     97    -0.293E-13     0.0000001025        7.2610728324       5.70  <-- CONV
        O_D=      0.0466011 O_OD=      2.0194051 O_TOT=      7.2610728 <-- SPRD
 Delta: O_D= -0.1490991E-09 O_OD=  0.1490963E-09 O_TOT= -0.2930989E-13 <-- DLTA
 ------------------------------------------------------------------------------
 Cycle:     98
  WF centre and spread    1  (  0.430300,  0.430300,  0.430299 )     1.81526805
  WF centre and spread    2  (  0.430299, -0.430300, -0.430299 )     1.81526795
  WF centre and spread    3  ( -0.430300,  0.430300, -0.430300 )     1.81526843
  WF centre and spread    4  ( -0.430299, -0.430299,  0.430300 )     1.81526841
  Sum of centres and spreads (  0.000000,  0.000000,  0.000000 )     7.26107283
 
     98    -0.444E-14     0.0000001016        7.2610728324       5.75  <-- CONV
        O_D=      0.0466011 O_OD=      2.0194051 O_TOT=      7.2610728 <-- SPRD
 Delta: O_D= -0.1832202E-09 O_OD=  0.1832170E-09 O_TOT= -0.4440892E-14 <-- DLTA
 ------------------------------------------------------------------------------
 Cycle:     99
  WF centre and spread    1  (  0.430300,  0.430300,  0.430299 )     1.81526805
  WF centre and spread    2  (  0.430299, -0.430300, -0.430299 )     1.81526795
  WF centre and spread    3  ( -0.430300,  0.430300, -0.430300 )     1.81526843
  WF centre and spread    4  ( -0.430299, -0.430299,  0.430300 )     1.81526841
  Sum of centres and spreads (  0.000000,  0.000000,  0.000000 )     7.26107283
 
     99    -0.195E-13     0.0000001004        7.2610728324       5.80  <-- CONV
        O_D=      0.0466011 O_OD=      2.0194051 O_TOT=      7.2610728 <-- SPRD
 Delta: O_D= -0.1624830E-09 O_OD=  0.1624825E-09 O_TOT= -0.1953993E-13 <-- DLTA
 ------------------------------------------------------------------------------
 Cycle:    100
  WF centre and spread    1  (  0.430300,  0.430300,  0.430299 )     1.81526805
  WF centre and spread    2  (  0.430299, -0.430300, -0.430299 )     1.81526795
  WF centre and spread    3  ( -0.430300,  0.430300, -0.430300 )     1.81526843
  WF centre and spread    4  ( -0.430299, -0.430299,  0.430300 )     1.81526841
  Sum of centres and spreads (  0.000000,  0.000000,  0.000000 )     7.26107283
 
    100     0.444E-14     0.0000000994        7.2610728324       5.84  <-- CONV
        O_D=      0.0466011 O_OD=      2.0194051 O_TOT=      7.2610728 <-- SPRD
 Delta: O_D= -0.4364331E-10 O_OD=  0.4364598E-10 O_TOT=  0.4440892E-14 <-- DLTA
 ------------------------------------------------------------------------------
 Final State
  WF centre and spread    1  (  0.430300,  0.430300,  0.430299 )     1.81526805
  WF centre and spread    2  (  0.430299, -0.430300, -0.430299 )     1.81526795
  WF centre and spread    3  ( -0.430300,  0.430300, -0.430300 )     1.81526843
  WF centre and spread    4  ( -0.430299, -0.430299,  0.430300 )     1.81526841
  Sum of centres and spreads (  0.000000,  0.000000,  0.000000 )     7.26107283
 
        Spreads (Ang)         Omega I      =     5.195066654
        =============         Omega D      =     0.046601102
                              Omega OD     =     2.019405077
   Final Spread (Ang)         Omega Total  =     7.261072832
 ------------------------------------------------------------------------------
  
 Time for wannierise            4.900 (sec)

 Writing checkpoint file wannier.chk... done

 Total Execution Time           5.970 (sec)

 *===========================================================================*
 |                             TIMING INFORMATION                            |
 *===========================================================================*
 |    Tag                                                Ncalls      Time (s)|
 |---------------------------------------------------------------------------|
 |kmesh_get                                         :         1         0.090|
 |overlap_read                                      :         1         0.180|
 |dis_main                                          :         1         0.560|
 |overlap_copy                                      :         1         0.010|
 |wann_main                                         :         1         4.900|
 *---------------------------------------------------------------------------*
 
 All done: wannier90 exiting
